info: Server started at http://localhost:3000/api/v1/ {"timestamp":"2024-05-08T04:52:52.903Z"}
info: Connected to the database. {"timestamp":"2024-05-08T04:52:52.914Z"}
info: Server started at http://localhost:3000/api/v1/ {"timestamp":"2024-05-08T04:58:44.672Z"}
info: Connected to the database. {"timestamp":"2024-05-08T04:58:44.685Z"}
info: User created successfully {"timestamp":"2024-05-08T05:00:39.213Z"}
info: User loggedIn successfully {"timestamp":"2024-05-08T05:03:25.107Z"}
info: Server started at http://localhost:3000/api/v1/ {"timestamp":"2024-05-08T05:10:13.587Z"}
info: Connected to the database. {"timestamp":"2024-05-08T05:10:13.597Z"}
error: 
    status - 500 
    message - JsonWebTokenError: invalid signature
    at /Users/hrushikeshb/Desktop/FunDooNotes/funDooNotes/node_modules/jsonwebtoken/verify.js:133:19
    at getSecret (/Users/hrushikeshb/Desktop/FunDooNotes/funDooNotes/node_modules/jsonwebtoken/verify.js:90:14)
    at Object.verify (/Users/hrushikeshb/Desktop/FunDooNotes/funDooNotes/node_modules/jsonwebtoken/verify.js:94:10)
    at _callee$ (/Users/hrushikeshb/Desktop/FunDooNotes/funDooNotes/src/middlewares/auth.middleware.js:21:31)
    at tryCatch (/Users/hrushikeshb/Desktop/FunDooNotes/funDooNotes/node_modules/@babel/runtime/helpers/regeneratorRuntime.js:45:16)
    at Generator.<anonymous> (/Users/hrushikeshb/Desktop/FunDooNotes/funDooNotes/node_modules/@babel/runtime/helpers/regeneratorRuntime.js:133:17)
    at Generator.next (/Users/hrushikeshb/Desktop/FunDooNotes/funDooNotes/node_modules/@babel/runtime/helpers/regeneratorRuntime.js:74:21)
    at asyncGeneratorStep (/Users/hrushikeshb/Desktop/FunDooNotes/funDooNotes/node_modules/@babel/runtime/helpers/asyncToGenerator.js:3:24)
    at _next (/Users/hrushikeshb/Desktop/FunDooNotes/funDooNotes/node_modules/@babel/runtime/helpers/asyncToGenerator.js:22:9)
    at /Users/hrushikeshb/Desktop/FunDooNotes/funDooNotes/node_modules/@babel/runtime/helpers/asyncToGenerator.js:27:7
    at new Promise (<anonymous>)
    at apply (/Users/hrushikeshb/Desktop/FunDooNotes/funDooNotes/node_modules/@babel/runtime/helpers/asyncToGenerator.js:19:12)
    at userAuth (/Users/hrushikeshb/Desktop/FunDooNotes/funDooNotes/src/middlewares/auth.middleware.js:15:22)
    at Layer.handle [as handle_request] (/Users/hrushikeshb/Desktop/FunDooNotes/funDooNotes/node_modules/express/lib/router/layer.js:95:5)
    at next (/Users/hrushikeshb/Desktop/FunDooNotes/funDooNotes/node_modules/express/lib/router/route.js:149:13)
    at Route.dispatch (/Users/hrushikeshb/Desktop/FunDooNotes/funDooNotes/node_modules/express/lib/router/route.js:119:3)
    at Layer.handle [as handle_request] (/Users/hrushikeshb/Desktop/FunDooNotes/funDooNotes/node_modules/express/lib/router/layer.js:95:5)
    at /Users/hrushikeshb/Desktop/FunDooNotes/funDooNotes/node_modules/express/lib/router/index.js:284:15
    at Function.process_params (/Users/hrushikeshb/Desktop/FunDooNotes/funDooNotes/node_modules/express/lib/router/index.js:346:12)
    at next (/Users/hrushikeshb/Desktop/FunDooNotes/funDooNotes/node_modules/express/lib/router/index.js:280:10)
    at Function.handle (/Users/hrushikeshb/Desktop/FunDooNotes/funDooNotes/node_modules/express/lib/router/index.js:175:3)
    at router (/Users/hrushikeshb/Desktop/FunDooNotes/funDooNotes/node_modules/express/lib/router/index.js:47:12)
    at Layer.handle [as handle_request] (/Users/hrushikeshb/Desktop/FunDooNotes/funDooNotes/node_modules/express/lib/router/layer.js:95:5)
    at trim_prefix (/Users/hrushikeshb/Desktop/FunDooNotes/funDooNotes/node_modules/express/lib/router/index.js:328:13)
    at /Users/hrushikeshb/Desktop/FunDooNotes/funDooNotes/node_modules/express/lib/router/index.js:286:9
    at Function.process_params (/Users/hrushikeshb/Desktop/FunDooNotes/funDooNotes/node_modules/express/lib/router/index.js:346:12)
    at next (/Users/hrushikeshb/Desktop/FunDooNotes/funDooNotes/node_modules/express/lib/router/index.js:280:10)
    at Function.handle (/Users/hrushikeshb/Desktop/FunDooNotes/funDooNotes/node_modules/express/lib/router/index.js:175:3)
    at router (/Users/hrushikeshb/Desktop/FunDooNotes/funDooNotes/node_modules/express/lib/router/index.js:47:12)
    at Layer.handle [as handle_request] (/Users/hrushikeshb/Desktop/FunDooNotes/funDooNotes/node_modules/express/lib/router/layer.js:95:5)
    at trim_prefix (/Users/hrushikeshb/Desktop/FunDooNotes/funDooNotes/node_modules/express/lib/router/index.js:328:13)
    at /Users/hrushikeshb/Desktop/FunDooNotes/funDooNotes/node_modules/express/lib/router/index.js:286:9
    at Function.process_params (/Users/hrushikeshb/Desktop/FunDooNotes/funDooNotes/node_modules/express/lib/router/index.js:346:12)
    at next (/Users/hrushikeshb/Desktop/FunDooNotes/funDooNotes/node_modules/express/lib/router/index.js:280:10)
    at /Users/hrushikeshb/Desktop/FunDooNotes/funDooNotes/node_modules/body-parser/lib/read.js:137:5
    at AsyncResource.runInAsyncScope (node:async_hooks:206:9)
    at invokeCallback (/Users/hrushikeshb/Desktop/FunDooNotes/funDooNotes/node_modules/raw-body/index.js:238:16)
    at done (/Users/hrushikeshb/Desktop/FunDooNotes/funDooNotes/node_modules/raw-body/index.js:227:7)
    at IncomingMessage.onEnd (/Users/hrushikeshb/Desktop/FunDooNotes/funDooNotes/node_modules/raw-body/index.js:287:7)
    at IncomingMessage.emit (node:events:518:28)
    at IncomingMessage.emit (node:domain:488:12)
    at endReadableNT (node:internal/streams/readable:1696:12)
    at processTicksAndRejections (node:internal/process/task_queues:82:21) 
    url - /api/v1/notes 
    method - POST 
    IP - ::1
   {"timestamp":"2024-05-08T05:10:35.540Z"}
error: User loggedIn unsuccessfully {"timestamp":"2024-05-08T05:11:39.160Z"}
info: User created successfully {"timestamp":"2024-05-08T05:11:51.102Z"}
info: User loggedIn successfully {"timestamp":"2024-05-08T05:11:54.771Z"}
info: Note created successfully {"timestamp":"2024-05-08T05:12:32.593Z"}
info: Displayed all notes successfully {"timestamp":"2024-05-08T05:13:03.836Z"}
info: User created successfully {"timestamp":"2024-05-08T06:02:11.302Z"}
info: User loggedIn successfully {"timestamp":"2024-05-08T06:02:36.629Z"}
